{"function":"getPhotographersByRegion","level":"info","message":"Getting photographers by region","metadata":{"function":"getPhotographersByRegion","region":"1"},"region":"1","timestamp":"2022-12-10 09:32:34"}
{"function":"getPhotographerById","level":"info","message":"Getting photographer by id","metadata":{"function":"getPhotographerById","photographerId":"1"},"photographerId":"1","timestamp":"2022-12-10 09:33:05"}
{"function":"getPhotographerById","level":"info","message":"Photographer not found","metadata":{"function":"getPhotographerById","photographerId":"1"},"photographerId":"1","timestamp":"2022-12-10 09:33:05"}
{"function":"register","level":"info","message":"Registering photographer","metadata":{"function":"register"},"timestamp":"2022-12-10 12:32:13"}
{"function":"register","level":"info","message":"Registering photographer","metadata":{"function":"register"},"timestamp":"2022-12-10 12:34:50"}
{"function":"register","level":"info","message":"Photographer registered","metadata":{"function":"register"},"timestamp":"2022-12-10 12:34:50"}
{"function":"register","level":"info","message":"Registering photographer","metadata":{"function":"register"},"timestamp":"2022-12-10 12:40:17"}
{"function":"register","level":"info","message":"Photographer registered","metadata":{"function":"register"},"timestamp":"2022-12-10 12:40:18"}
{"function":"register","level":"info","message":"Registering photographer","metadata":{"function":"register"},"timestamp":"2022-12-10 12:43:13"}
{"function":"register","level":"info","message":"Photographer already exists","metadata":{"function":"register"},"timestamp":"2022-12-10 12:43:13"}
{"function":"register","level":"info","message":"Registering photographer","metadata":{"function":"register"},"timestamp":"2022-12-10 12:43:23"}
{"function":"register","level":"info","message":"Photographer registered","metadata":{"function":"register"},"timestamp":"2022-12-10 12:43:23"}
{"function":"login","level":"info","message":"Logging in photographer","metadata":{"function":"login"},"timestamp":"2022-12-10 12:43:23"}
{"function":"login","level":"warn","message":"Error when logging in","metadata":{"function":"login"},"timestamp":"2022-12-10 12:43:23"}
{"function":"register","level":"info","message":"Registering photographer","metadata":{"function":"register"},"timestamp":"2022-12-10 12:45:57"}
{"function":"register","level":"info","message":"Photographer registered","metadata":{"function":"register"},"timestamp":"2022-12-10 12:45:57"}
{"function":"register","level":"warn","message":"Error when logging in","metadata":{"function":"register"},"timestamp":"2022-12-10 12:45:57"}
{"function":"register","level":"info","message":"Registering photographer","metadata":{"function":"register"},"timestamp":"2022-12-10 12:47:31"}
{"function":"register","level":"info","message":"Photographer registered","metadata":{"function":"register"},"timestamp":"2022-12-10 12:47:31"}
{"error":{},"level":"warn","loggerMetadata":{"function":"register"},"message":"Error when logging in","metadata":{"error":{},"loggerMetadata":{"function":"register"}},"timestamp":"2022-12-10 12:47:31"}
{"function":"register","level":"info","message":"Registering photographer","metadata":{"function":"register","user":{"email":"jordan@jlamoreaux.com","firstName":"Jordan","lastName":"Lamoreaux","password":"test"}},"timestamp":"2022-12-10 12:48:21","user":{"email":"jordan@jlamoreaux.com","firstName":"Jordan","lastName":"Lamoreaux","password":"test"}}
{"function":"register","level":"info","message":"Photographer registered","metadata":{"function":"register","user":{"authType":"local","email":"jordan@jlamoreaux.com","firstName":"Jordan","lastName":"Lamoreaux","password":"$2b$10$gGex1oOrs87RksqfGFPcHu19qheSei/BjlRzBmOYln3JcgO4Cj0U2"}},"timestamp":"2022-12-10 12:48:21","user":{"authType":"local","email":"jordan@jlamoreaux.com","firstName":"Jordan","lastName":"Lamoreaux","password":"$2b$10$gGex1oOrs87RksqfGFPcHu19qheSei/BjlRzBmOYln3JcgO4Cj0U2"}}
{"error":{},"level":"warn","loggerMetadata":{"function":"register","user":{"authType":"local","email":"jordan@jlamoreaux.com","firstName":"Jordan","lastName":"Lamoreaux","password":"$2b$10$gGex1oOrs87RksqfGFPcHu19qheSei/BjlRzBmOYln3JcgO4Cj0U2"}},"message":"Error when logging in","metadata":{"error":{},"loggerMetadata":{"function":"register","user":{"authType":"local","email":"jordan@jlamoreaux.com","firstName":"Jordan","lastName":"Lamoreaux","password":"$2b$10$gGex1oOrs87RksqfGFPcHu19qheSei/BjlRzBmOYln3JcgO4Cj0U2"}}},"timestamp":"2022-12-10 12:48:21"}
{"function":"register","level":"info","message":"Registering photographer","metadata":{"function":"register","user":{"email":"jordan@jlamoreaux.com","firstName":"Jordan","lastName":"Lamoreaux","password":"test"}},"timestamp":"2022-12-10 13:02:16","user":{"email":"jordan@jlamoreaux.com","firstName":"Jordan","lastName":"Lamoreaux","password":"test"}}
{"function":"register","level":"info","message":"Photographer registered","metadata":{"function":"register","user":{"authType":"local","email":"jordan@jlamoreaux.com","firstName":"Jordan","lastName":"Lamoreaux","password":"$2b$10$IUnK8/WkzSvEylBdGNMLiutsWJmNwzIHCgut89qugp5P4GugaiCV6"}},"timestamp":"2022-12-10 13:02:16","user":{"authType":"local","email":"jordan@jlamoreaux.com","firstName":"Jordan","lastName":"Lamoreaux","password":"$2b$10$IUnK8/WkzSvEylBdGNMLiutsWJmNwzIHCgut89qugp5P4GugaiCV6"}}
{"function":"register","level":"info","message":"Registering photographer","metadata":{"function":"register","user":{"email":"jordan@jlamoreaux.com","firstName":"Jordan","lastName":"Lamoreaux","password":"test"}},"timestamp":"2022-12-10 13:02:48","user":{"email":"jordan@jlamoreaux.com","firstName":"Jordan","lastName":"Lamoreaux","password":"test"}}
{"function":"register","level":"info","message":"Photographer registered","metadata":{"function":"register","user":{"authType":"local","email":"jordan@jlamoreaux.com","firstName":"Jordan","lastName":"Lamoreaux","password":"$2b$10$lfPRGRP7fbKah7rWqEjoA.4j96koMMHJ1M9P1Ryw9pPcy/BIP8brG"}},"timestamp":"2022-12-10 13:02:48","user":{"authType":"local","email":"jordan@jlamoreaux.com","firstName":"Jordan","lastName":"Lamoreaux","password":"$2b$10$lfPRGRP7fbKah7rWqEjoA.4j96koMMHJ1M9P1Ryw9pPcy/BIP8brG"}}
{"function":"register","level":"warn","message":"Error when logging in","metadata":{"function":"register","user":{"authType":"local","email":"jordan@jlamoreaux.com","firstName":"Jordan","lastName":"Lamoreaux","password":"$2b$10$lfPRGRP7fbKah7rWqEjoA.4j96koMMHJ1M9P1Ryw9pPcy/BIP8brG"}},"timestamp":"2022-12-10 13:02:48","user":{"authType":"local","email":"jordan@jlamoreaux.com","firstName":"Jordan","lastName":"Lamoreaux","password":"$2b$10$lfPRGRP7fbKah7rWqEjoA.4j96koMMHJ1M9P1Ryw9pPcy/BIP8brG"}}
{"function":"register","level":"info","message":"Registering photographer","metadata":{"function":"register","user":{"email":"jordan@jlamoreaux.com","firstName":"Jordan","lastName":"Lamoreaux","password":"test"}},"timestamp":"2022-12-10 13:03:35","user":{"email":"jordan@jlamoreaux.com","firstName":"Jordan","lastName":"Lamoreaux","password":"test"}}
{"function":"register","level":"info","message":"Photographer registered","metadata":{"function":"register","user":{"authType":"local","email":"jordan@jlamoreaux.com","firstName":"Jordan","lastName":"Lamoreaux","password":"$2b$10$P/.wKCc4wkkMrP4AQmOeguY4E9NmrvNuGqaVMRN9hrY1L4gbld1gy"}},"timestamp":"2022-12-10 13:03:35","user":{"authType":"local","email":"jordan@jlamoreaux.com","firstName":"Jordan","lastName":"Lamoreaux","password":"$2b$10$P/.wKCc4wkkMrP4AQmOeguY4E9NmrvNuGqaVMRN9hrY1L4gbld1gy"}}
{"function":"register","level":"warn","message":"Error when logging in","metadata":{"function":"register","user":{"authType":"local","email":"jordan@jlamoreaux.com","firstName":"Jordan","lastName":"Lamoreaux","password":"$2b$10$P/.wKCc4wkkMrP4AQmOeguY4E9NmrvNuGqaVMRN9hrY1L4gbld1gy"}},"timestamp":"2022-12-10 13:03:35","user":{"authType":"local","email":"jordan@jlamoreaux.com","firstName":"Jordan","lastName":"Lamoreaux","password":"$2b$10$P/.wKCc4wkkMrP4AQmOeguY4E9NmrvNuGqaVMRN9hrY1L4gbld1gy"}}
{"function":"register","level":"info","message":"Registering photographer","metadata":{"function":"register","user":{"email":"jordan@jlamoreaux.com","firstName":"Jordan","lastName":"Lamoreaux","password":"test"}},"timestamp":"2022-12-10 13:04:48","user":{"email":"jordan@jlamoreaux.com","firstName":"Jordan","lastName":"Lamoreaux","password":"test"}}
{"function":"register","level":"info","message":"Photographer registered","metadata":{"function":"register","user":{"authType":"local","email":"jordan@jlamoreaux.com","firstName":"Jordan","lastName":"Lamoreaux","password":"$2b$10$s13xhix/zfU5U0u8oGQyoOT6gUzxXOpwHyb7oS31YLL3RxkIiVhyC"}},"timestamp":"2022-12-10 13:04:49","user":{"authType":"local","email":"jordan@jlamoreaux.com","firstName":"Jordan","lastName":"Lamoreaux","password":"$2b$10$s13xhix/zfU5U0u8oGQyoOT6gUzxXOpwHyb7oS31YLL3RxkIiVhyC"}}
{"error":{},"function":"register","level":"warn","message":"Error when logging in","metadata":{"error":{},"function":"register","user":{"authType":"local","email":"jordan@jlamoreaux.com","firstName":"Jordan","lastName":"Lamoreaux","password":"$2b$10$s13xhix/zfU5U0u8oGQyoOT6gUzxXOpwHyb7oS31YLL3RxkIiVhyC"}},"timestamp":"2022-12-10 13:04:49","user":{"authType":"local","email":"jordan@jlamoreaux.com","firstName":"Jordan","lastName":"Lamoreaux","password":"$2b$10$s13xhix/zfU5U0u8oGQyoOT6gUzxXOpwHyb7oS31YLL3RxkIiVhyC"}}
{"function":"register","level":"info","message":"Registering photographer","metadata":{"function":"register","user":{"email":"jordan@jlamoreaux.com","firstName":"Jordan","lastName":"Lamoreaux","password":"test"}},"timestamp":"2022-12-10 14:14:11","user":{"email":"jordan@jlamoreaux.com","firstName":"Jordan","lastName":"Lamoreaux","password":"test"}}
{"function":"register","level":"warn","message":"Error when registering photographer","metadata":{"function":"register","user":{"authType":"local","email":"jordan@jlamoreaux.com","firstName":"Jordan","lastName":"Lamoreaux","password":"$2b$10$lNbZneGvwOZshT7XnB9OAug/NeE6aCWsc.K/8K.3emEl5Hjvo9fkK"}},"timestamp":"2022-12-10 14:14:11","user":{"authType":"local","email":"jordan@jlamoreaux.com","firstName":"Jordan","lastName":"Lamoreaux","password":"$2b$10$lNbZneGvwOZshT7XnB9OAug/NeE6aCWsc.K/8K.3emEl5Hjvo9fkK"}}
{"function":"register","level":"info","message":"Registering photographer","metadata":{"function":"register","user":{"email":"jordan@jlamoreaux.com","firstName":"Jordan","lastName":"Lamoreaux","password":"test"}},"timestamp":"2022-12-10 14:15:31","user":{"email":"jordan@jlamoreaux.com","firstName":"Jordan","lastName":"Lamoreaux","password":"test"}}
{"function":"register","level":"warn","message":"Error when registering photographer","metadata":{"function":"register","user":{"authType":"local","email":"jordan@jlamoreaux.com","firstName":"Jordan","lastName":"Lamoreaux","password":"$2b$10$iAKDI8ivtxQdmraqlDOILuPUxEQuvzUwtPLHQ0dHur5r7ulWfzCQm"}},"timestamp":"2022-12-10 14:15:32","user":{"authType":"local","email":"jordan@jlamoreaux.com","firstName":"Jordan","lastName":"Lamoreaux","password":"$2b$10$iAKDI8ivtxQdmraqlDOILuPUxEQuvzUwtPLHQ0dHur5r7ulWfzCQm"}}
{"function":"register","level":"info","message":"Registering photographer","metadata":{"function":"register","user":{"email":"jordan@jlamoreaux.com","firstName":"Jordan","lastName":"Lamoreaux","password":"test"}},"timestamp":"2022-12-10 14:16:08","user":{"email":"jordan@jlamoreaux.com","firstName":"Jordan","lastName":"Lamoreaux","password":"test"}}
{"function":"register","level":"info","message":"Photographer already exists","metadata":{"function":"register","user":{"email":"jordan@jlamoreaux.com","firstName":"Jordan","lastName":"Lamoreaux","password":"test"}},"timestamp":"2022-12-10 14:16:08","user":{"email":"jordan@jlamoreaux.com","firstName":"Jordan","lastName":"Lamoreaux","password":"test"}}
{"function":"register","level":"info","message":"Registering photographer","metadata":{"function":"register"},"timestamp":"2022-12-10 14:18:07"}
{"error":"Photographer not created","function":"register","level":"warn","message":"Error when registering photographer","metadata":{"error":"Photographer not created","function":"register"},"timestamp":"2022-12-10 14:18:07"}
{"function":"register","level":"info","message":"Registering photographer","metadata":{"function":"register"},"timestamp":"2022-12-10 14:19:14"}
{"function":"register","level":"info","message":"Photographer registered","metadata":{"function":"register"},"timestamp":"2022-12-10 14:19:14"}
{"function":"register","level":"info","message":"Registering photographer","metadata":{"function":"register"},"timestamp":"2022-12-10 14:22:35"}
{"error":"Photographer not created","function":"register","level":"warn","message":"Error when registering photographer","metadata":{"error":"Photographer not created","function":"register"},"timestamp":"2022-12-10 14:22:35"}
{"function":"register","level":"info","message":"Registering photographer","metadata":{"function":"register"},"timestamp":"2022-12-10 14:23:01"}
{"error":"Photographer not created","function":"register","level":"warn","message":"Error when registering photographer","metadata":{"error":"Photographer not created","function":"register"},"timestamp":"2022-12-10 14:23:01"}
{"function":"register","level":"info","message":"Registering photographer","metadata":{"function":"register"},"timestamp":"2022-12-10 14:23:35"}
{"function":"register","level":"info","message":"Photographer already exists","metadata":{"function":"register"},"timestamp":"2022-12-10 14:23:35"}
{"function":"register","level":"info","message":"Registering photographer","metadata":{"function":"register"},"timestamp":"2022-12-10 14:23:43"}
{"error":"Photographer not created","function":"register","level":"warn","message":"Error when registering photographer","metadata":{"error":"Photographer not created","function":"register"},"timestamp":"2022-12-10 14:23:43"}
{"function":"register","level":"info","message":"Registering photographer","metadata":{"function":"register"},"timestamp":"2022-12-10 14:25:07"}
{"function":"register","level":"info","message":"Photographer registered","metadata":{"function":"register"},"timestamp":"2022-12-10 14:25:07"}
{"function":"register","level":"info","message":"Registering photographer","metadata":{"function":"register"},"timestamp":"2022-12-10 21:09:28"}
{"function":"register","level":"info","message":"Photographer registered","metadata":{"function":"register"},"timestamp":"2022-12-10 21:09:29"}
{"function":"register","level":"info","message":"Registering photographer","metadata":{"function":"register"},"timestamp":"2022-12-10 21:14:23"}
{"function":"register","level":"info","message":"Photographer registered","metadata":{"function":"register"},"timestamp":"2022-12-10 21:14:23"}
{"function":"getPhotographerById","level":"info","message":"Getting photographer by id","metadata":{"function":"getPhotographerById","photographerId":"63954b0fb88e7a46cf844586"},"photographerId":"63954b0fb88e7a46cf844586","timestamp":"2022-12-10 21:14:23"}
